<?xml version="1.0" encoding="UTF-8"?>
<testng-results skipped="0" failed="0" total="0" passed="0">
  <reporter-output>
  </reporter-output>
  <suite name="Default suite" duration-ms="52727" started-at="2021-10-31T20:06:31Z" finished-at="2021-10-31T20:07:24Z">
    <groups>
    </groups>
    <test name="Default test" duration-ms="52727" started-at="2021-10-31T20:06:31Z" finished-at="2021-10-31T20:07:24Z">
      <class name="AnyDo_WebTest.anyDoWebTestNG">
        <test-method status="PASS" signature="setup()[pri:0, instance:AnyDo_WebTest.anyDoWebTestNG@5702b3b1]" name="setup" is-config="true" duration-ms="52715" started-at="2021-11-01T02:06:31Z" finished-at="2021-11-01T02:07:24Z">
          <reporter-output>
          </reporter-output>
        </test-method> <!-- setup -->
      </class> <!-- AnyDo_WebTest.anyDoWebTestNG -->
    </test> <!-- Default test -->
  </suite> <!-- Default suite -->
</testng-results>
